<?xml version="1.0" encoding="UTF-8"?>
<!-- Generated by org.testng.reporters.JUnitReportReporter -->
<testsuite hostname="DUBN34630627A" failures="0" tests="3" name="com.james.training.RestAssuredCucumber.ComplexJsonCoursesTest" time="3.620" errors="0" timestamp="2020-04-08T00:41:35 BST" skipped="0">
  <testcase classname="com.james.training.RestAssuredCucumber.ComplexJsonCoursesTest" name="placesApiSerialization" time="1.849"/>
  <system-out/>
  <testcase classname="com.james.training.RestAssuredCucumber.ComplexJsonCoursesTest" name="getComplexJsonCourses" time="1.547"/>
  <system-out/>
  <testcase classname="com.james.training.RestAssuredCucumber.ComplexJsonCoursesTest" name="testPOJODeserializationJsonCourses" time="0.224"/>
  <system-out/>
</testsuite> <!-- com.james.training.RestAssuredCucumber.ComplexJsonCoursesTest -->
