<?xml version="1.0" encoding="UTF-8"?>
<!-- Generated by org.testng.reporters.JUnitReportReporter -->
<testsuite hostname="DUBN34630627A" failures="0" tests="1" name="com.james.training.RestAssuredCucumber.OAuthTest" time="0.297" errors="0" timestamp="2020-04-06T22:58:33 BST" skipped="0">
  <testcase classname="com.james.training.RestAssuredCucumber.OAuthTest" name="testJsonCourses" time="0.297"/>
  <system-out/>
</testsuite> <!-- com.james.training.RestAssuredCucumber.OAuthTest -->
