<?xml version="1.0" encoding="UTF-8"?>
<!-- Generated by org.testng.reporters.JUnitReportReporter -->
<testsuite hostname="DUBN34630627A" failures="0" tests="1" name="com.james.training.RestAssuredCucumber.PlacesApiTest" time="5.270" errors="0" timestamp="2020-04-14T23:26:20 BST" skipped="0">
  <testcase classname="com.james.training.RestAssuredCucumber.PlacesApiTest" name="placesApiJsonHashMap" time="5.270"/>
  <system-out/>
</testsuite> <!-- com.james.training.RestAssuredCucumber.PlacesApiTest -->
