<?xml version="1.0" encoding="UTF-8"?>
<!-- Generated by org.testng.reporters.JUnitReportReporter -->
<testsuite hostname="DUBN33945389A" name="com.james.training.RestAssuredTestingFramework.AppRunnerXMLTest" tests="1" failures="0" timestamp="12 Feb 2019 13:31:03 GMT" time="2.195" errors="0">
  <testcase name="getXMLRequestAllNamesArrayTest" time="2.195" classname="com.james.training.RestAssuredTestingFramework.AppRunnerXMLTest"/>
</testsuite>
