<?xml version="1.0" encoding="UTF-8"?>
<!-- Generated by org.testng.reporters.JUnitReportReporter -->
<testsuite skipped="0" hostname="DUBN34630627A" name="com.james.training.RestAssuredCucumber.ComplexJsonCoursesTest" tests="3" failures="0" timestamp="2020-04-13T18:43:26 IST" time="6.784" errors="0">
  <testcase name="placesApiSerialization" time="4.003" classname="com.james.training.RestAssuredCucumber.ComplexJsonCoursesTest"/>
  <system-out/>
  <testcase name="testPOJODeserializationJsonCourses" time="0.072" classname="com.james.training.RestAssuredCucumber.ComplexJsonCoursesTest"/>
  <system-out/>
  <testcase name="getComplexJsonCourses" time="2.709" classname="com.james.training.RestAssuredCucumber.ComplexJsonCoursesTest"/>
  <system-out/>
</testsuite> <!-- com.james.training.RestAssuredCucumber.ComplexJsonCoursesTest -->
