<?xml version="1.0" encoding="UTF-8"?>
<!-- Generated by org.testng.reporters.JUnitReportReporter -->
<testsuite skipped="0" hostname="DUBN33945389A" name="com.james.training.RestAssuredTestingFramework.AppRunnerTest" tests="1" failures="0" timestamp="30 Jan 2019 15:00:25 GMT" time="2.085" errors="0">
  <testcase name="getRequestTest" time="2.085" classname="com.james.training.RestAssuredTestingFramework.AppRunnerTest"/>
</testsuite> <!-- com.james.training.RestAssuredTestingFramework.AppRunnerTest -->
