<?xml version="1.0" encoding="UTF-8"?>
<!-- Generated by org.testng.reporters.JUnitReportReporter -->
<testsuite skipped="0" hostname="DUBN33945389A" name="com.james.training.RestAssuredTestingFramework.AppRunnerJsonTest" tests="1" failures="0" timestamp="04 Feb 2019 11:01:27 GMT" time="2.312" errors="0">
  <testcase name="getJsonRequestExtractAllNamesAndLoggingTest" time="2.312" classname="com.james.training.RestAssuredTestingFramework.AppRunnerJsonTest"/>
</testsuite> <!-- com.james.training.RestAssuredTestingFramework.AppRunnerJsonTest -->
