<?xml version="1.0" encoding="UTF-8"?>
<!-- Generated by org.testng.reporters.JUnitReportReporter -->
<testsuite skipped="0" hostname="DUBN33945389A" name="com.james.training.RestAssuredExcelDrivenTestingFramework.AppRunnerExcelDrivenTest" tests="12" failures="0" timestamp="05 Feb 2019 22:13:21 GMT" time="18.013" errors="0">
  <testcase name="postJsonRequestAddAllBookFieldsTest" time="2.349" classname="com.james.training.RestAssuredExcelDrivenTestingFramework.AppRunnerExcelDrivenTest"/>
  <testcase name="postJsonRequestAddAllBookFieldsTest" time="2.349" classname="com.james.training.RestAssuredExcelDrivenTestingFramework.AppRunnerExcelDrivenTest"/>
  <testcase name="postJsonRequestAddAllBookFieldsTest" time="2.349" classname="com.james.training.RestAssuredExcelDrivenTestingFramework.AppRunnerExcelDrivenTest"/>
  <testcase name="postJsonRequestAddAllBookFieldsTest" time="2.349" classname="com.james.training.RestAssuredExcelDrivenTestingFramework.AppRunnerExcelDrivenTest"/>
  <testcase name="postJsonRequestAddAllBookFieldsTest" time="2.349" classname="com.james.training.RestAssuredExcelDrivenTestingFramework.AppRunnerExcelDrivenTest"/>
  <testcase name="postJsonRequestAddAllBookFieldsTest" time="2.349" classname="com.james.training.RestAssuredExcelDrivenTestingFramework.AppRunnerExcelDrivenTest"/>
  <testcase name="deleteBookJsonRequestTest" time="0.607" classname="com.james.training.RestAssuredExcelDrivenTestingFramework.AppRunnerExcelDrivenTest"/>
  <testcase name="deleteBookJsonRequestTest" time="0.871" classname="com.james.training.RestAssuredExcelDrivenTestingFramework.AppRunnerExcelDrivenTest"/>
  <testcase name="deleteBookJsonRequestTest" time="0.618" classname="com.james.training.RestAssuredExcelDrivenTestingFramework.AppRunnerExcelDrivenTest"/>
  <testcase name="deleteBookJsonRequestTest" time="0.595" classname="com.james.training.RestAssuredExcelDrivenTestingFramework.AppRunnerExcelDrivenTest"/>
  <testcase name="deleteBookJsonRequestTest" time="0.604" classname="com.james.training.RestAssuredExcelDrivenTestingFramework.AppRunnerExcelDrivenTest"/>
  <testcase name="deleteBookJsonRequestTest" time="0.624" classname="com.james.training.RestAssuredExcelDrivenTestingFramework.AppRunnerExcelDrivenTest"/>
</testsuite> <!-- com.james.training.RestAssuredExcelDrivenTestingFramework.AppRunnerExcelDrivenTest -->
