<?xml version="1.0" encoding="UTF-8"?>
<!-- Generated by org.testng.reporters.JUnitReportReporter -->
<testsuite skipped="0" hostname="DUBN33945389A" name="com.james.training.JIRA.api.JIRATest" tests="4" failures="0" timestamp="08 Feb 2019 20:37:11 GMT" time="1.855" errors="0">
  <testcase name="JiraAPIUpdateComment" time="0.108" classname="com.james.training.JIRA.api.JIRATest"/>
  <testcase name="postJiraCreateIssue" time="0.112" classname="com.james.training.JIRA.api.JIRATest"/>
  <testcase name="postJIRAAuthenticationTest" time="1.593" classname="com.james.training.JIRA.api.JIRATest"/>
  <testcase name="deleteJiraJsonRequestTest" time="0.042" classname="com.james.training.JIRA.api.JIRATest"/>
</testsuite> <!-- com.james.training.JIRA.api.JIRATest -->
