<?xml version="1.0" encoding="UTF-8"?>
<!-- Generated by org.testng.reporters.JUnitReportReporter -->
<testsuite skipped="0" hostname="DUBN33945389A" name="com.james.training.RestAssuredMysqlDrivenTestingFramework.AppRunnerMysqlDrivenTest" tests="8" failures="0" timestamp="08 Feb 2019 01:50:07 GMT" time="8.663" errors="0">
  <testcase name="postJsonRequestAddBookaLLFieldsTest" time="1.817" classname="com.james.training.RestAssuredMysqlDrivenTestingFramework.AppRunnerMysqlDrivenTest"/>
  <testcase name="postJsonRequestAddBookaLLFieldsTest" time="1.824" classname="com.james.training.RestAssuredMysqlDrivenTestingFramework.AppRunnerMysqlDrivenTest"/>
  <testcase name="postJsonRequestAddBookaLLFieldsTest" time="1.824" classname="com.james.training.RestAssuredMysqlDrivenTestingFramework.AppRunnerMysqlDrivenTest"/>
  <testcase name="postJsonRequestAddBookaLLFieldsTest" time="0.613" classname="com.james.training.RestAssuredMysqlDrivenTestingFramework.AppRunnerMysqlDrivenTest"/>
  <testcase name="deleteBookJsonRequestTest" time="0.671" classname="com.james.training.RestAssuredMysqlDrivenTestingFramework.AppRunnerMysqlDrivenTest"/>
  <testcase name="deleteBookJsonRequestTest" time="0.672" classname="com.james.training.RestAssuredMysqlDrivenTestingFramework.AppRunnerMysqlDrivenTest"/>
  <testcase name="deleteBookJsonRequestTest" time="0.671" classname="com.james.training.RestAssuredMysqlDrivenTestingFramework.AppRunnerMysqlDrivenTest"/>
  <testcase name="deleteBookJsonRequestTest" time="0.571" classname="com.james.training.RestAssuredMysqlDrivenTestingFramework.AppRunnerMysqlDrivenTest"/>
</testsuite> <!-- com.james.training.RestAssuredMysqlDrivenTestingFramework.AppRunnerMysqlDrivenTest -->
