<?xml version="1.0" encoding="UTF-8"?>
<!-- Generated by org.testng.reporters.JUnitReportReporter -->
<testsuite skipped="0" hostname="DUBN33945389A" name="com.james.training.RestAssuredMysqlDrivenTestingFramework.AppRunnerMysqlDrivenTest" tests="8" failures="0" timestamp="06 Feb 2019 00:14:55 GMT" time="9.994" errors="0">
  <testcase name="postJsonRequestAddBookaLLFieldsTest" time="1.908" classname="com.james.training.RestAssuredMysqlDrivenTestingFramework.AppRunnerMysqlDrivenTest"/>
  <testcase name="postJsonRequestAddBookaLLFieldsTest" time="1.914" classname="com.james.training.RestAssuredMysqlDrivenTestingFramework.AppRunnerMysqlDrivenTest"/>
  <testcase name="postJsonRequestAddBookaLLFieldsTest" time="1.910" classname="com.james.training.RestAssuredMysqlDrivenTestingFramework.AppRunnerMysqlDrivenTest"/>
  <testcase name="postJsonRequestAddBookaLLFieldsTest" time="1.914" classname="com.james.training.RestAssuredMysqlDrivenTestingFramework.AppRunnerMysqlDrivenTest"/>
  <testcase name="deleteBookJsonRequestTest" time="0.582" classname="com.james.training.RestAssuredMysqlDrivenTestingFramework.AppRunnerMysqlDrivenTest"/>
  <testcase name="deleteBookJsonRequestTest" time="0.601" classname="com.james.training.RestAssuredMysqlDrivenTestingFramework.AppRunnerMysqlDrivenTest"/>
  <testcase name="deleteBookJsonRequestTest" time="0.583" classname="com.james.training.RestAssuredMysqlDrivenTestingFramework.AppRunnerMysqlDrivenTest"/>
  <testcase name="deleteBookJsonRequestTest" time="0.582" classname="com.james.training.RestAssuredMysqlDrivenTestingFramework.AppRunnerMysqlDrivenTest"/>
</testsuite> <!-- com.james.training.RestAssuredMysqlDrivenTestingFramework.AppRunnerMysqlDrivenTest -->
