<?xml version="1.0" encoding="UTF-8"?>
<!-- Generated by org.testng.reporters.JUnitReportReporter -->
<testsuite skipped="0" hostname="DUBN33945389A" name="com.james.training.RestAssuredTestingFramework.AppRunnerXMLTest" tests="1" failures="0" timestamp="02 Feb 2019 21:54:38 GMT" time="2.106" errors="0">
  <testcase name="getXMLRequestAllNamesArrayTest" time="2.106" classname="com.james.training.RestAssuredTestingFramework.AppRunnerXMLTest"/>
</testsuite> <!-- com.james.training.RestAssuredTestingFramework.AppRunnerXMLTest -->
