<?xml version="1.0" encoding="UTF-8"?>
<!-- Generated by org.testng.reporters.JUnitReportReporter -->
<testsuite skipped="0" hostname="DUBN33945389A" name="com.james.training.RestAssuredTestingFramework.AppRunner" tests="1" failures="0" timestamp="29 Jan 2019 14:24:28 GMT" time="2.007" errors="0">
  <testcase name="test" time="2.007" classname="com.james.training.RestAssuredTestingFramework.AppRunner"/>
</testsuite> <!-- com.james.training.RestAssuredTestingFramework.AppRunner -->
