<?xml version="1.0" encoding="UTF-8"?>
<!-- Generated by org.testng.reporters.JUnitReportReporter -->
<testsuite skipped="0" hostname="DUBN33945389A" name="com.james.training.RestAssuredMysqlDrivenTestingFramework.AppRunnerMysqlDrivenTest" tests="8" failures="0" timestamp="08 Feb 2019 16:58:27 GMT" time="6.423" errors="0">
  <testcase name="postJsonRequestAddBookaLLFieldsTest" time="1.535" classname="com.james.training.RestAssuredMysqlDrivenTestingFramework.AppRunnerMysqlDrivenTest"/>
  <testcase name="postJsonRequestAddBookaLLFieldsTest" time="1.542" classname="com.james.training.RestAssuredMysqlDrivenTestingFramework.AppRunnerMysqlDrivenTest"/>
  <testcase name="postJsonRequestAddBookaLLFieldsTest" time="1.535" classname="com.james.training.RestAssuredMysqlDrivenTestingFramework.AppRunnerMysqlDrivenTest"/>
  <testcase name="postJsonRequestAddBookaLLFieldsTest" time="0.335" classname="com.james.training.RestAssuredMysqlDrivenTestingFramework.AppRunnerMysqlDrivenTest"/>
  <testcase name="deleteBookJsonRequestTest" time="0.384" classname="com.james.training.RestAssuredMysqlDrivenTestingFramework.AppRunnerMysqlDrivenTest"/>
  <testcase name="deleteBookJsonRequestTest" time="0.386" classname="com.james.training.RestAssuredMysqlDrivenTestingFramework.AppRunnerMysqlDrivenTest"/>
  <testcase name="deleteBookJsonRequestTest" time="0.320" classname="com.james.training.RestAssuredMysqlDrivenTestingFramework.AppRunnerMysqlDrivenTest"/>
  <testcase name="deleteBookJsonRequestTest" time="0.386" classname="com.james.training.RestAssuredMysqlDrivenTestingFramework.AppRunnerMysqlDrivenTest"/>
</testsuite> <!-- com.james.training.RestAssuredMysqlDrivenTestingFramework.AppRunnerMysqlDrivenTest -->
