<?xml version="1.0" encoding="UTF-8"?>
<!-- Generated by org.testng.reporters.JUnitReportReporter -->
<testsuite skipped="0" hostname="DUBN33945389A" name="com.james.training.RestAssuredExcelDrivenTestingFramework.AppRunnerExcelDrivenTest" tests="11" failures="0" timestamp="05 Feb 2019 22:41:47 GMT" time="16.557" errors="0">
  <testcase name="postJsonRequestAddAllBookFieldsTest" time="2.249" classname="com.james.training.RestAssuredExcelDrivenTestingFramework.AppRunnerExcelDrivenTest"/>
  <testcase name="postJsonRequestAddAllBookFieldsTest" time="2.249" classname="com.james.training.RestAssuredExcelDrivenTestingFramework.AppRunnerExcelDrivenTest"/>
  <testcase name="postJsonRequestAddAllBookFieldsTest" time="2.250" classname="com.james.training.RestAssuredExcelDrivenTestingFramework.AppRunnerExcelDrivenTest"/>
  <testcase name="postJsonRequestAddAllBookFieldsTest" time="2.250" classname="com.james.training.RestAssuredExcelDrivenTestingFramework.AppRunnerExcelDrivenTest"/>
  <testcase name="postJsonRequestAddAllBookFieldsTest" time="2.249" classname="com.james.training.RestAssuredExcelDrivenTestingFramework.AppRunnerExcelDrivenTest"/>
  <testcase name="postJsonRequestAddAllBookFieldsTest" time="2.249" classname="com.james.training.RestAssuredExcelDrivenTestingFramework.AppRunnerExcelDrivenTest"/>
  <testcase name="deleteBookJsonRequestTest" time="0.620" classname="com.james.training.RestAssuredExcelDrivenTestingFramework.AppRunnerExcelDrivenTest"/>
  <testcase name="deleteBookJsonRequestTest" time="0.619" classname="com.james.training.RestAssuredExcelDrivenTestingFramework.AppRunnerExcelDrivenTest"/>
  <testcase name="deleteBookJsonRequestTest" time="0.627" classname="com.james.training.RestAssuredExcelDrivenTestingFramework.AppRunnerExcelDrivenTest"/>
  <testcase name="deleteBookJsonRequestTest" time="0.632" classname="com.james.training.RestAssuredExcelDrivenTestingFramework.AppRunnerExcelDrivenTest"/>
  <testcase name="deleteBookJsonRequestTest" time="0.563" classname="com.james.training.RestAssuredExcelDrivenTestingFramework.AppRunnerExcelDrivenTest"/>
</testsuite> <!-- com.james.training.RestAssuredExcelDrivenTestingFramework.AppRunnerExcelDrivenTest -->
