<?xml version="1.0" encoding="UTF-8"?>
<!-- Generated by org.testng.reporters.JUnitReportReporter -->
<testsuite skipped="0" hostname="DUBN33945389A" name="com.james.training.RestAssuredExcelDrivenTestingFramework.AppRunnerExcelDrivenTest" tests="12" failures="0" timestamp="07 Feb 2019 14:35:04 GMT" time="15.363" errors="0">
  <testcase name="postJsonRequestAddAllBookFieldsTest" time="2.059" classname="com.james.training.RestAssuredExcelDrivenTestingFramework.AppRunnerExcelDrivenTest"/>
  <testcase name="postJsonRequestAddAllBookFieldsTest" time="2.055" classname="com.james.training.RestAssuredExcelDrivenTestingFramework.AppRunnerExcelDrivenTest"/>
  <testcase name="postJsonRequestAddAllBookFieldsTest" time="2.056" classname="com.james.training.RestAssuredExcelDrivenTestingFramework.AppRunnerExcelDrivenTest"/>
  <testcase name="postJsonRequestAddAllBookFieldsTest" time="2.056" classname="com.james.training.RestAssuredExcelDrivenTestingFramework.AppRunnerExcelDrivenTest"/>
  <testcase name="postJsonRequestAddAllBookFieldsTest" time="2.057" classname="com.james.training.RestAssuredExcelDrivenTestingFramework.AppRunnerExcelDrivenTest"/>
  <testcase name="postJsonRequestAddAllBookFieldsTest" time="2.058" classname="com.james.training.RestAssuredExcelDrivenTestingFramework.AppRunnerExcelDrivenTest"/>
  <testcase name="deleteBookJsonRequestTest" time="0.394" classname="com.james.training.RestAssuredExcelDrivenTestingFramework.AppRunnerExcelDrivenTest"/>
  <testcase name="deleteBookJsonRequestTest" time="0.387" classname="com.james.training.RestAssuredExcelDrivenTestingFramework.AppRunnerExcelDrivenTest"/>
  <testcase name="deleteBookJsonRequestTest" time="0.389" classname="com.james.training.RestAssuredExcelDrivenTestingFramework.AppRunnerExcelDrivenTest"/>
  <testcase name="deleteBookJsonRequestTest" time="0.381" classname="com.james.training.RestAssuredExcelDrivenTestingFramework.AppRunnerExcelDrivenTest"/>
  <testcase name="deleteBookJsonRequestTest" time="0.395" classname="com.james.training.RestAssuredExcelDrivenTestingFramework.AppRunnerExcelDrivenTest"/>
  <testcase name="deleteBookJsonRequestTest" time="1.076" classname="com.james.training.RestAssuredExcelDrivenTestingFramework.AppRunnerExcelDrivenTest"/>
</testsuite> <!-- com.james.training.RestAssuredExcelDrivenTestingFramework.AppRunnerExcelDrivenTest -->
