<?xml version="1.0" encoding="UTF-8"?>
<!-- Generated by org.testng.reporters.JUnitReportReporter -->
<testsuite skipped="0" hostname="DUBN33945389A" name="com.james.training.JIRA.api.UpdateJiraComment" tests="2" failures="0" timestamp="09 Feb 2019 18:18:57 GMT" time="1.782" errors="0">
  <testcase name="postJIRAAuthenticationTest" time="1.522" classname="com.james.training.JIRA.api.UpdateJiraComment"/>
  <testcase name="JiraAPIUpdateComment" time="0.260" classname="com.james.training.JIRA.api.UpdateJiraComment"/>
</testsuite> <!-- com.james.training.JIRA.api.UpdateJiraComment -->
