<?xml version="1.0" encoding="UTF-8"?>
<!-- Generated by org.testng.reporters.JUnitReportReporter -->
<testsuite skipped="0" hostname="DUBN33945389A" name="com.james.training.RestAssuredExcelDrivenTestingFramework.AppRunnerExcelDrivenTest" tests="12" failures="0" timestamp="11 Feb 2019 19:35:27 GMT" time="7.547" errors="0">
  <testcase name="postJsonRequestAddAllBookFieldsTest" time="1.769" classname="com.james.training.RestAssuredExcelDrivenTestingFramework.AppRunnerExcelDrivenTest"/>
  <testcase name="postJsonRequestAddAllBookFieldsTest" time="0.323" classname="com.james.training.RestAssuredExcelDrivenTestingFramework.AppRunnerExcelDrivenTest"/>
  <testcase name="postJsonRequestAddAllBookFieldsTest" time="0.332" classname="com.james.training.RestAssuredExcelDrivenTestingFramework.AppRunnerExcelDrivenTest"/>
  <testcase name="postJsonRequestAddAllBookFieldsTest" time="0.340" classname="com.james.training.RestAssuredExcelDrivenTestingFramework.AppRunnerExcelDrivenTest"/>
  <testcase name="postJsonRequestAddAllBookFieldsTest" time="0.341" classname="com.james.training.RestAssuredExcelDrivenTestingFramework.AppRunnerExcelDrivenTest"/>
  <testcase name="postJsonRequestAddAllBookFieldsTest" time="0.349" classname="com.james.training.RestAssuredExcelDrivenTestingFramework.AppRunnerExcelDrivenTest"/>
  <testcase name="deleteBookJsonRequestTest" time="0.334" classname="com.james.training.RestAssuredExcelDrivenTestingFramework.AppRunnerExcelDrivenTest"/>
  <testcase name="deleteBookJsonRequestTest" time="0.354" classname="com.james.training.RestAssuredExcelDrivenTestingFramework.AppRunnerExcelDrivenTest"/>
  <testcase name="deleteBookJsonRequestTest" time="0.513" classname="com.james.training.RestAssuredExcelDrivenTestingFramework.AppRunnerExcelDrivenTest"/>
  <testcase name="deleteBookJsonRequestTest" time="0.776" classname="com.james.training.RestAssuredExcelDrivenTestingFramework.AppRunnerExcelDrivenTest"/>
  <testcase name="deleteBookJsonRequestTest" time="0.345" classname="com.james.training.RestAssuredExcelDrivenTestingFramework.AppRunnerExcelDrivenTest"/>
  <testcase name="deleteBookJsonRequestTest" time="1.771" classname="com.james.training.RestAssuredExcelDrivenTestingFramework.AppRunnerExcelDrivenTest"/>
</testsuite> <!-- com.james.training.RestAssuredExcelDrivenTestingFramework.AppRunnerExcelDrivenTest -->
