<?xml version="1.0" encoding="UTF-8"?>
<!-- Generated by org.testng.reporters.JUnitReportReporter -->
<testsuite skipped="0" hostname="DUBN33945389A" name="com.james.training.RestAssuredExcelDrivenTestingFramework.AppRunnerExcelDrivenTest" tests="12" failures="0" timestamp="08 Feb 2019 16:58:38 GMT" time="10.656" errors="0">
  <testcase name="postJsonRequestAddAllBookFieldsTest" time="1.781" classname="com.james.training.RestAssuredExcelDrivenTestingFramework.AppRunnerExcelDrivenTest"/>
  <testcase name="postJsonRequestAddAllBookFieldsTest" time="0.337" classname="com.james.training.RestAssuredExcelDrivenTestingFramework.AppRunnerExcelDrivenTest"/>
  <testcase name="postJsonRequestAddAllBookFieldsTest" time="1.781" classname="com.james.training.RestAssuredExcelDrivenTestingFramework.AppRunnerExcelDrivenTest"/>
  <testcase name="postJsonRequestAddAllBookFieldsTest" time="1.781" classname="com.james.training.RestAssuredExcelDrivenTestingFramework.AppRunnerExcelDrivenTest"/>
  <testcase name="postJsonRequestAddAllBookFieldsTest" time="0.359" classname="com.james.training.RestAssuredExcelDrivenTestingFramework.AppRunnerExcelDrivenTest"/>
  <testcase name="postJsonRequestAddAllBookFieldsTest" time="0.331" classname="com.james.training.RestAssuredExcelDrivenTestingFramework.AppRunnerExcelDrivenTest"/>
  <testcase name="deleteBookJsonRequestTest" time="0.326" classname="com.james.training.RestAssuredExcelDrivenTestingFramework.AppRunnerExcelDrivenTest"/>
  <testcase name="deleteBookJsonRequestTest" time="0.895" classname="com.james.training.RestAssuredExcelDrivenTestingFramework.AppRunnerExcelDrivenTest"/>
  <testcase name="deleteBookJsonRequestTest" time="0.926" classname="com.james.training.RestAssuredExcelDrivenTestingFramework.AppRunnerExcelDrivenTest"/>
  <testcase name="deleteBookJsonRequestTest" time="0.355" classname="com.james.training.RestAssuredExcelDrivenTestingFramework.AppRunnerExcelDrivenTest"/>
  <testcase name="deleteBookJsonRequestTest" time="0.335" classname="com.james.training.RestAssuredExcelDrivenTestingFramework.AppRunnerExcelDrivenTest"/>
  <testcase name="deleteBookJsonRequestTest" time="1.449" classname="com.james.training.RestAssuredExcelDrivenTestingFramework.AppRunnerExcelDrivenTest"/>
</testsuite> <!-- com.james.training.RestAssuredExcelDrivenTestingFramework.AppRunnerExcelDrivenTest -->
