<?xml version="1.0" encoding="UTF-8"?>
<!-- Generated by org.testng.reporters.JUnitReportReporter -->
<testsuite skipped="2" hostname="DUBN33945389A" name="com.james.training.RestAssuredExcelDrivenTestingFramework.AppRunnerExcelDrivenTest" tests="2" failures="0" timestamp="04 Feb 2019 18:57:42 GMT" time="0.000" errors="0">
  <testcase name="deleteBookJsonRequestTest" time="0.000" classname="com.james.training.RestAssuredExcelDrivenTestingFramework.AppRunnerExcelDrivenTest">
    <skipped/>
  </testcase> <!-- deleteBookJsonRequestTest -->
  <testcase name="postJsonRequestAddBookTest" time="0.000" classname="com.james.training.RestAssuredExcelDrivenTestingFramework.AppRunnerExcelDrivenTest">
    <skipped/>
  </testcase> <!-- postJsonRequestAddBookTest -->
</testsuite> <!-- com.james.training.RestAssuredExcelDrivenTestingFramework.AppRunnerExcelDrivenTest -->
