<?xml version="1.0" encoding="UTF-8"?>
<!-- Generated by org.testng.reporters.JUnitReportReporter -->
<testsuite skipped="0" hostname="DUBN33945389A" name="com.james.training.tweeter.api.TweeterApiTest" tests="2" failures="0" timestamp="09 Feb 2019 19:22:12 GMT" time="2.489" errors="0">
  <testcase name="postTweetOAuthTest" time="0.597" classname="com.james.training.tweeter.api.TweeterApiTest"/>
  <testcase name="getTweetOAuthTest" time="1.892" classname="com.james.training.tweeter.api.TweeterApiTest"/>
</testsuite> <!-- com.james.training.tweeter.api.TweeterApiTest -->
