<?xml version="1.0" encoding="UTF-8"?>
<!-- Generated by org.testng.reporters.JUnitReportReporter -->
<testsuite skipped="0" hostname="DUBN33945389A" name="com.james.training.JIRA.api.JIRATest" tests="3" failures="0" timestamp="08 Feb 2019 16:56:31 GMT" time="1.681" errors="0">
  <testcase name="postJiraCreateIssue" time="0.105" classname="com.james.training.JIRA.api.JIRATest"/>
  <testcase name="postJIRAAuthenticationTest" time="1.531" classname="com.james.training.JIRA.api.JIRATest"/>
  <testcase name="deleteJiraJsonRequestTest" time="0.045" classname="com.james.training.JIRA.api.JIRATest"/>
</testsuite> <!-- com.james.training.JIRA.api.JIRATest -->
