<?xml version="1.0" encoding="UTF-8"?>
<!-- Generated by org.testng.reporters.JUnitReportReporter -->
<testsuite skipped="0" hostname="DUBN33945389A" name="com.james.training.JIRA.api.CreateJIRAIssueTest" tests="2" failures="0" timestamp="09 Feb 2019 12:33:53 GMT" time="1.546" errors="0">
  <testcase name="postJiraCreateIssue" time="0.111" classname="com.james.training.JIRA.api.CreateJIRAIssueTest"/>
  <testcase name="postJIRAAuthenticationTest" time="1.435" classname="com.james.training.JIRA.api.CreateJIRAIssueTest"/>
</testsuite> <!-- com.james.training.JIRA.api.CreateJIRAIssueTest -->
