<?xml version="1.0" encoding="UTF-8"?>
<!-- Generated by org.testng.reporters.JUnitReportReporter -->
<testsuite skipped="0" hostname="DUBN33945389A" name="com.james.training.RestAssuredTestingFramework.AppRunnerJsonTest" tests="1" failures="0" timestamp="01 Feb 2019 13:48:42 GMT" time="1.963" errors="0">
  <testcase name="getRequestTest" time="1.963" classname="com.james.training.RestAssuredTestingFramework.AppRunnerJsonTest"/>
</testsuite> <!-- com.james.training.RestAssuredTestingFramework.AppRunnerJsonTest -->
