<?xml version="1.0" encoding="UTF-8"?>
<!-- Generated by org.testng.reporters.JUnitReportReporter -->
<testsuite skipped="0" hostname="DUBN33945389A" name="com.james.training.RestAssuredMysqlDrivenTestingFramework.AppRunnerMysqlDrivenTest" tests="8" failures="0" timestamp="05 Feb 2019 22:14:15 GMT" time="7.146" errors="0">
  <testcase name="postJsonRequestAddBookaLLFieldsTest" time="0.782" classname="com.james.training.RestAssuredMysqlDrivenTestingFramework.AppRunnerMysqlDrivenTest"/>
  <testcase name="postJsonRequestAddBookaLLFieldsTest" time="0.692" classname="com.james.training.RestAssuredMysqlDrivenTestingFramework.AppRunnerMysqlDrivenTest"/>
  <testcase name="postJsonRequestAddBookaLLFieldsTest" time="0.570" classname="com.james.training.RestAssuredMysqlDrivenTestingFramework.AppRunnerMysqlDrivenTest"/>
  <testcase name="postJsonRequestAddBookaLLFieldsTest" time="2.371" classname="com.james.training.RestAssuredMysqlDrivenTestingFramework.AppRunnerMysqlDrivenTest"/>
  <testcase name="deleteBookJsonRequestTest" time="0.682" classname="com.james.training.RestAssuredMysqlDrivenTestingFramework.AppRunnerMysqlDrivenTest"/>
  <testcase name="deleteBookJsonRequestTest" time="0.683" classname="com.james.training.RestAssuredMysqlDrivenTestingFramework.AppRunnerMysqlDrivenTest"/>
  <testcase name="deleteBookJsonRequestTest" time="0.682" classname="com.james.training.RestAssuredMysqlDrivenTestingFramework.AppRunnerMysqlDrivenTest"/>
  <testcase name="deleteBookJsonRequestTest" time="0.684" classname="com.james.training.RestAssuredMysqlDrivenTestingFramework.AppRunnerMysqlDrivenTest"/>
</testsuite> <!-- com.james.training.RestAssuredMysqlDrivenTestingFramework.AppRunnerMysqlDrivenTest -->
