<?xml version="1.0" encoding="UTF-8"?>
<!-- Generated by org.testng.reporters.JUnitReportReporter -->
<testsuite skipped="0" hostname="DUBN33945389A" name="com.james.training.JIRA.api.CreateJIRAIssueTest" tests="4" failures="0" timestamp="10 Feb 2019 20:57:44 GMT" time="1.850" errors="0">
  <testcase name="postJIRAAuthenticationTest" time="1.474" classname="com.james.training.JIRA.api.CreateJIRAIssueTest"/>
  <testcase name="postJiraCreateIssue" time="0.119" classname="com.james.training.JIRA.api.CreateJIRAIssueTest"/>
  <testcase name="JiraAPIUpdateComment" time="0.165" classname="com.james.training.JIRA.api.CreateJIRAIssueTest"/>
  <testcase name="JiraAPICreateNewComment" time="0.092" classname="com.james.training.JIRA.api.CreateJIRAIssueTest"/>
</testsuite> <!-- com.james.training.JIRA.api.CreateJIRAIssueTest -->
