<?xml version="1.0" encoding="UTF-8"?>
<!-- Generated by org.testng.reporters.JUnitReportReporter -->
<testsuite skipped="0" hostname="DUBN33945389A" name="com.james.training.tweeter.api.TweeterApiTest" tests="2" failures="0" timestamp="12 Feb 2019 12:55:27 GMT" time="2.286" errors="0">
  <testcase name="getTweetOAuthTest" time="1.858" classname="com.james.training.tweeter.api.TweeterApiTest"/>
  <testcase name="postTweetOAuthTest" time="0.428" classname="com.james.training.tweeter.api.TweeterApiTest"/>
</testsuite> <!-- com.james.training.tweeter.api.TweeterApiTest -->
